TN:
SF:E:\Vue\yst\zhian\test\unit\index.js
FN:7,_interopRequireDefault
FNF:1
FNH:1
FNDA:1,_interopRequireDefault
DA:3,1
DA:5,1
DA:7,1
DA:9,1
DA:12,1
DA:13,1
DA:19,1
DA:20,1
LF:8
LH:8
BRDA:7,0,0,1
BRDA:7,0,1,0
BRDA:7,1,0,1
BRDA:7,1,1,1
BRF:4
BRH:3
end_of_record
TN:
SF:E:\Vue\yst\zhian\test\unit\specs\Hello.spec.js
FN:11,_interopRequireDefault
FN:13,(anonymous_1)
FN:14,(anonymous_2)
FNF:3
FNH:3
FNDA:2,_interopRequireDefault
FNDA:1,(anonymous_1)
FNDA:1,(anonymous_2)
DA:3,1
DA:5,1
DA:7,1
DA:9,1
DA:11,2
DA:13,1
DA:14,1
DA:16,1
DA:19,1
DA:22,1
LF:10
LH:10
BRDA:11,0,0,1
BRDA:11,0,1,1
BRDA:11,1,0,2
BRDA:11,1,1,2
BRF:4
BRH:4
end_of_record
TN:
SF:E:\Vue\yst\zhian\com_base\components\endLine.vue
FNF:0
FNH:0
DA:18,1
DA:24,1
LF:2
LH:2
BRF:0
BRH:0
end_of_record
